[10984:12504:2022-9-20 13:58:25.272] Main Start
[10984:12504:2022-9-20 13:58:25.272] Command line:"D:\xampp\htdocs\Hemant\AllProjects\LaravelProjects\MainProjects\ClientProjects\Popular_Tv_Dashboard\Popular_Tv_Dashboard\DB\Zoom_cm_fo42lnktZ9vvrZo4_m86b284oYeAAc4E-6WaGIXoS8C69OWQhlpnYH@VxFo8wbRaSk4Os-R_k3772f6dee5a31e31_.exe"  Instance:0x190000 Show State:1
[10984:12504:2022-9-20 13:58:25.305] D:\
[10984:12408:2022-9-20 13:58:25.308] [process_requst] start, url:https://us04web.zoom.us/conf/launch
[10984:12408:2022-9-20 13:58:26.349] [req_state_read_status_code] zHttpQueryInfo complete, status:200
[10984:12408:2022-9-20 13:58:26.349] [req_state_read_status_code] zHttpQueryInfo complete, status:200 Error: 0
[10984:12408:2022-9-20 13:58:26.350] [log_response_content] Content length (1048576 as unknown):1665 , Total read: 1665 , Error No: 0 , Status code: 200
[10984:12408:2022-9-20 13:58:26.350] [log_response_content] header:
[10984:12408:2022-9-20 13:58:26.350] HTTP/1.1 200 
Date: Tue, 20 Sep 2022 08:28:24 GMT
Content-Type: text/plain;charset=utf-8
Content-Length: 1665
Connection: keep-alive
x-zm-trackingid: v=2.0;clid=us04;rid=WEB_5612d74bfa2f92382c97d3550455bf9e
X-Content-Type-Options: nosniff
Content-Security-Policy: upgrade-insecure-requests; default-src https://*.zoom.us https://zoom.us blob: 'self'; img-src https: about: blob: data: 'self'; style-src https: safari-extension: chrome-extension: 'unsafe-inline' data: 'self'; font-src https: safari-extension: chrome-extension: blob: data: 'self'; connect-src * about: blob: data: 'self'; media-src * rtmp: blob: data: 'self'; frame-src https: ms-appx-web: zoommtg: zoomus: wvjbscheme: data: 'self'; object-src 'none'; base-uri 'none';
X-FRAME-OPTIONS: SAMEORIGIN
Set-Cookie: zm_aid=""; Domain=.zoom.us; Expires=Thu, 01-Jan-1970 00:00:10 GMT; Path=/; Secure; HttpOnly
Set-Cookie: zm_haid=""; Domain=.zoom.us; Expires=Thu, 01-Jan-1970 00:00:10 GMT; Path=/; Secure; HttpOnly
Set-Cookie: zm_tmaid=""; Domain=.zoom.us; Expires=Thu, 01-Jan-1970 00:00:10 GMT; Path=/; Secure; HttpOnly
Set-Cookie: zm_htmaid=""; Domain=.zoom.us; Expires=Thu, 01-Jan-1970 00:00:10 GMT; Path=/; Secure; HttpOnly
Set-Cookie: cred=150C44F857F9C63121320BBCE7CB37F5; Path=/; Secure; HttpOnly
Set-Cookie: _zm_page_auth=us04_c_cYvbP1koTxGbWQ8-psWhqw; Domain=.zoom.us; Path=/; Secure; HttpOnly
p3p: CP="NOI ADM DEV PSAi COM NAV OUR OTR STP IND DEM"
Set-Cookie: _zm_ssid=us04_c_sWEmUFYWQE2-YcjwoPXQ7w; Domain=.zoom.us; Path=/; Secure; HttpOnly
Set-Cookie: _zm_ctaid=grWWmooRRvqpWe5Ry1ydNA.1663662504993.f7fd9c00e752d6d88c721bfa60fbdd12; Domain=.zoom.us; Expires=Tue, 20-Sep-2022 10:28:24 GMT; Path=/; Secure; HttpOnly
Set-Cookie: _zm_chtaid=652; Domain=.zoom.us; Expires=Tue, 20-Sep-2022 10:28:24 GMT; Path=/; Secure; HttpOnly
x-zm-zoneid: VA
Set-Cookie: _zm_mtk_guid=c2293e7f08fe4f0d8d73f49f7833f607; Domain=.zoom.us; Expires=Thu, 19-Sep-2024 08:28:24 GMT; Path=/; Secure
Strict-Transport-Security: max-age=31536000; includeSubDomains
X-XSS-Protection: 1; mode=block
Referrer-Policy: strict-origin-when-cross-origin


[10984:12408:2022-9-20 13:58:26.350] [process_requst] End for url:https://us04web.zoom.us/conf/launch, return code:200, Error:0, Response content size:1665
[10984:12504:2022-9-20 13:58:26.376] [client_has_installed_app] found path:
[10984:12504:2022-9-20 13:58:26.376]  ***NULL-POINTER-PLACEHOLDER***
[10984:12504:2022-9-20 13:58:26.377] [param_query_local_path] path is: C:\Users\vandu\AppData\Roaming\Zoom\ZoomDownload\ dir create response : 1 system error: 1008
[10984:12504:2022-9-20 13:58:26.377] [downloader_run] State:0
[10984:14140:2022-9-20 13:58:26.377] [process_requst] start, url:https://us04web.zoom.us/client/latest/Installer.exe?archType=x64
[10984:12504:2022-9-20 13:58:26.378] [client_has_installed_app] found path:
[10984:12504:2022-9-20 13:58:26.378]  ***NULL-POINTER-PLACEHOLDER***
[10984:14140:2022-9-20 13:58:27.541] [req_state_read_status_code] zHttpQueryInfo complete, status:200
[10984:14140:2022-9-20 13:58:27.541] [req_state_read_status_code] zHttpQueryInfo complete, status:200 Error: 0
[10984:14140:2022-9-20 13:58:27.621] [read_response_file] Status Code:200, content length: 937912, total read: 937912, error code: 0
[10984:14140:2022-9-20 13:58:27.627] [process_requst] End for url:https://us04web.zoom.us/client/latest/Installer.exe?archType=x64, return code:200, Error:0, Response content size:0
[10984:12504:2022-9-20 13:58:27.687] [handle_download_job_done] Index: 1 Curr index: 1 StatusCode: 200 Error: 0 Response is Empty. 
[10984:14140:2022-9-20 13:58:27.810] [process_requst] start, url:https://us04web.zoom.us/client/latest/Zoom.msi?archType=x64
[10984:14140:2022-9-20 13:58:28.850] [req_state_read_status_code] zHttpQueryInfo complete, status:200
[10984:14140:2022-9-20 13:58:28.851] [req_state_read_status_code] zHttpQueryInfo complete, status:200 Error: 0
[10984:14140:2022-9-20 13:58:31.101] [read_response_file] Status Code:200, content length: 26078255, total read: 26078255, error code: 0
[10984:14140:2022-9-20 13:58:31.224] [process_requst] End for url:https://us04web.zoom.us/client/latest/Zoom.msi?archType=x64, return code:200, Error:0, Response content size:0
[10984:12504:2022-9-20 13:58:31.242] [handle_download_job_done] Index: 2 Curr index: 2 StatusCode: 200 Error: 0 Response is Empty. 
[10984:12504:2022-9-20 13:58:31.278] C:\Users\vandu\AppData\Roaming\Zoom\ZoomDownload\Installer.exe
[10984:12504:2022-9-20 13:58:31.278] ZInstaller --conf.mode=silent --ipc_wnd=4262072
[10984:12504:2022-9-20 13:58:31.572] [launch_silent_install] Installer process created, result:42
[10984:12504:2022-9-20 13:58:54.41] C:\Users\vandu\AppData\Roaming\Zoom\bin\Zoom.exe
[10984:12504:2022-9-20 13:58:54.59] client_launch_app: 
[10984:12504:2022-9-20 13:58:54.59] C:\Users\vandu\AppData\Roaming\Zoom\bin\Zoom.exe
[10984:12504:2022-9-20 13:58:54.59] "--url=zoommtg://win.launch?h.domain=us04web.zoom.us&h.path=join&confid=dXNzPVVBZ3JtNlpYTklFcVI4ZlcyYTQyZndVWkduSVd4NkN0c1J1VlptUy1QZ1RudWVfSXNWdUVaeFpCeEp4aUQ5NkxmdmxFbEFSeVUxUFJZazhxcWt3MVVPTURmLU5WLnNIVlBHZkN3d3Iyc3JhNkImdGlkPTYyNjA1NzYyMmQzMjRjYjU5MjlmYjFlNDk2ZDBkODBm&mcv=0.92.11227.0929&stype=0&zc=0&browser=chrome&action=join&confno=73699932232&pwd=Gudm1mzgCmJ4BVmB7JS28ZlEOtiU1h.1"
[10984:12504:2022-9-20 13:58:54.162] [client_launch_app] Zoom app process created, result:42
[10984:12504:2022-9-20 13:58:55.35] Main End
